{"level":"DEBUG","location":"[get_call:136] fyersModel","message":{"Status Code":401,"API":"/history"},"timestamp":"2024-05-29 16:18:45,811+0530","service":"FyersAPIRequest"}
{"level":"DEBUG","location":"[get_call:136] fyersModel","message":{"Status Code":200,"API":"/profile"},"timestamp":"2024-05-29 16:26:14,616+0530","service":"FyersAPIRequest"}
{"level":"DEBUG","location":"[get_call:136] fyersModel","message":{"Status Code":200,"API":"/funds"},"timestamp":"2024-05-29 16:26:15,415+0530","service":"FyersAPIRequest"}
{"level":"DEBUG","location":"[get_call:136] fyersModel","message":{"Status Code":200,"API":"/holdings"},"timestamp":"2024-05-29 16:26:16,129+0530","service":"FyersAPIRequest"}
{"level":"DEBUG","location":"[get_call:136] fyersModel","message":{"Status Code":200,"API":"/tradebook"},"timestamp":"2024-05-29 16:26:16,872+0530","service":"FyersAPIRequest"}
{"level":"DEBUG","location":"[get_call:136] fyersModel","message":{"Status Code":200,"API":"/orders"},"timestamp":"2024-05-29 16:26:17,599+0530","service":"FyersAPIRequest"}
{"level":"DEBUG","location":"[get_call:136] fyersModel","message":{"Status Code":200,"API":"/positions"},"timestamp":"2024-05-29 16:26:18,298+0530","service":"FyersAPIRequest"}
{"level":"DEBUG","location":"[post_call:77] fyersModel","message":{"Status Code":400,"API":"/orders/sync"},"timestamp":"2024-05-29 16:26:19,066+0530","service":"FyersAPIRequest"}
{"level":"DEBUG","location":"[post_call:77] fyersModel","message":{"Status Code":200,"API":"/multi-order/sync"},"timestamp":"2024-05-29 16:26:19,879+0530","service":"FyersAPIRequest"}
{"level":"DEBUG","location":"[patch_call:233] fyersModel","message":{"Status Code":400,"API":"/orders/sync"},"timestamp":"2024-05-29 16:26:20,645+0530","service":"FyersAPIRequest"}
{"level":"DEBUG","location":"[patch_call:233] fyersModel","message":{"Status Code":200,"API":"/multi-order/sync"},"timestamp":"2024-05-29 16:26:21,350+0530","service":"FyersAPIRequest"}
{"level":"DEBUG","location":"[delete_call:183] fyersModel","message":{"Status Code":400,"API":"/orders/sync"},"timestamp":"2024-05-29 16:26:22,089+0530","service":"FyersAPIRequest"}
{"level":"DEBUG","location":"[delete_call:183] fyersModel","message":{"Status Code":200,"API":"/multi-order/sync"},"timestamp":"2024-05-29 16:26:22,834+0530","service":"FyersAPIRequest"}
{"level":"DEBUG","location":"[delete_call:183] fyersModel","message":{"Status Code":200,"API":"/positions"},"timestamp":"2024-05-29 16:26:23,505+0530","service":"FyersAPIRequest"}
{"level":"DEBUG","location":"[post_call:77] fyersModel","message":{"Status Code":400,"API":"/positions"},"timestamp":"2024-05-29 16:26:24,285+0530","service":"FyersAPIRequest"}
{"level":"DEBUG","location":"[get_call:136] fyersModel","message":{"Status Code":200,"API":"/history"},"timestamp":"2024-05-29 16:26:24,975+0530","service":"FyersAPIRequest"}
{"level":"DEBUG","location":"[get_call:136] fyersModel","message":{"Status Code":200,"API":"/quotes"},"timestamp":"2024-05-29 16:26:25,743+0530","service":"FyersAPIRequest"}
{"level":"DEBUG","location":"[get_call:136] fyersModel","message":{"Status Code":200,"API":"/depth"},"timestamp":"2024-05-29 16:26:26,432+0530","service":"FyersAPIRequest"}
{"level":"DEBUG","location":"[post_call:77] fyersModel","message":{"Status Code":400,"API":"/orders/sync"},"timestamp":"2024-05-29 16:29:14,130+0530","service":"FyersAPIRequest"}
{"level":"DEBUG","location":"[post_call:77] fyersModel","message":{"Status Code":200,"API":"/multi-order/sync"},"timestamp":"2024-05-29 16:29:14,802+0530","service":"FyersAPIRequest"}
{"level":"DEBUG","location":"[patch_call:233] fyersModel","message":{"Status Code":400,"API":"/orders/sync"},"timestamp":"2024-05-29 16:29:15,380+0530","service":"FyersAPIRequest"}
{"level":"DEBUG","location":"[patch_call:233] fyersModel","message":{"Status Code":200,"API":"/multi-order/sync"},"timestamp":"2024-05-29 16:29:15,894+0530","service":"FyersAPIRequest"}
{"level":"DEBUG","location":"[delete_call:183] fyersModel","message":{"Status Code":400,"API":"/orders/sync"},"timestamp":"2024-05-29 16:29:16,458+0530","service":"FyersAPIRequest"}
{"level":"DEBUG","location":"[delete_call:183] fyersModel","message":{"Status Code":200,"API":"/multi-order/sync"},"timestamp":"2024-05-29 16:29:17,030+0530","service":"FyersAPIRequest"}
{"level":"DEBUG","location":"[delete_call:183] fyersModel","message":{"Status Code":200,"API":"/positions"},"timestamp":"2024-05-29 16:29:17,602+0530","service":"FyersAPIRequest"}
{"level":"DEBUG","location":"[post_call:77] fyersModel","message":{"Status Code":400,"API":"/positions"},"timestamp":"2024-05-29 16:29:18,163+0530","service":"FyersAPIRequest"}
{"level":"DEBUG","location":"[get_call:136] fyersModel","message":{"Status Code":200,"API":"/history"},"timestamp":"2024-05-29 16:29:18,730+0530","service":"FyersAPIRequest"}
{"level":"DEBUG","location":"[get_call:136] fyersModel","message":{"Status Code":200,"API":"/quotes"},"timestamp":"2024-05-29 16:29:19,334+0530","service":"FyersAPIRequest"}
{"level":"DEBUG","location":"[get_call:136] fyersModel","message":{"Status Code":200,"API":"/depth"},"timestamp":"2024-05-29 16:29:19,913+0530","service":"FyersAPIRequest"}
